
**** Build of configuration Debug for project uart ****

/Applications/ti/ccsv7/utils/bin/gmake -k -j 3 all -O 
gmake[1]: Entering directory '/Users/dannylangevin/Desktop/School/Senior/Digital Design Lab/Team1/uart/Debug'
Building file: ../empty.cfg
Invoking: XDCtools
"/Applications/ti/xdctools_3_50_02_20_core/xs" --xdcpath="/Applications/ti/tirtos_tivac_2_16_00_08/packages;/Applications/ti/tirtos_tivac_2_16_00_08/products/tidrivers_tivac_2_16_00_08/packages;/Applications/ti/tirtos_tivac_2_16_00_08/products/bios_6_45_01_29/packages;/Applications/ti/tirtos_tivac_2_16_00_08/products/ndk_2_25_00_09/packages;/Applications/ti/tirtos_tivac_2_16_00_08/products/uia_2_00_05_50/packages;/Applications/ti/tirtos_tivac_2_16_00_08/products/ns_1_11_00_10/packages;/Applications/ti/ccsv7/ccs_base;" xdc.tools.configuro -o configPkg -t ti.targets.arm.elf.M4F -p ti.platforms.tiva:TM4C1294NCPDT -r release -c "/Applications/ti/ccsv7/tools/compiler/ti-cgt-arm_16.9.3.LTS" --compileOptions "-mv7M4 --code_state=16 --float_support=FPv4SPD16 -me --include_path=\"/Users/dannylangevin/Desktop/School/Senior/Digital Design Lab/Team1/uart\" --include_path=\"/Users/dannylangevin/Desktop/School/Senior/Digital Design Lab/Team1/uart\" --include_path=\"/Applications/ti/tirtos_tivac_2_16_00_08/products/TivaWare_C_Series-2.1.1.71b\" --include_path=\"/Applications/ti/tirtos_tivac_2_16_00_08/products/bios_6_45_01_29/packages/ti/sysbios/posix\" --include_path=\"/Applications/ti/ccsv7/tools/compiler/ti-cgt-arm_16.9.3.LTS/include\" --define=ccs=\"ccs\" --define=PART_TM4C1294NCPDT --define=ccs --define=TIVAWARE -g --gcc --diag_warning=225 --diag_warning=255 --diag_wrap=off --display_error_number --gen_func_subsections=on --abi=eabi  " "../empty.cfg"
configuring empty.xem4f from package/cfg/empty_pem4f.cfg ...
subdir_rules.mk:24: recipe for target 'build-858152737-inproc' failed
error: xdc.cfg.Program: "/Applications/ti/xdctools_3_50_02_20_core/packages/xdc/cfg/Program.xs", line 71: xdc.cfg.Program : The package 'ti.sysbios.knl' is not compatible with XDCtools used in this build. Please either use XDCtools compatible with that package, or update the product containing that package, or rebuild the package with XDCtools 3.50 or later.
js: "/Applications/ti/xdctools_3_50_02_20_core/packages/xdc/cfg/Main.xs", line 160: Error: Configuration failed!
gmake: *** [package/cfg/empty_pem4f.xdl] Error 1
js: "/Applications/ti/xdctools_3_50_02_20_core/packages/xdc/tools/Cmdr.xs", line 52: Error: xdc.tools.configuro: configuration failed due to earlier errors (status = 2); 'linker.cmd' deleted.
gmake[1]: *** [build-858152737-inproc] Error 1
gmake: *** [build-858152737] Error 2
gmake[1]: Leaving directory '/Users/dannylangevin/Desktop/School/Senior/Digital Design Lab/Team1/uart/Debug'
subdir_rules.mk:21: recipe for target 'build-858152737' failed
gmake: Target 'all' not remade because of errors.

**** Build Finished ****

**** Build of configuration Debug for project project ****

/Applications/ti/ccsv7/utils/bin/gmake -k -j 3 all -O 
gmake[1]: Entering directory '/Users/dannylangevin/Desktop/School/Senior/Digital Design Lab/Team1/project/Debug'
Building file: ../empty.cfg
Invoking: XDCtools
"/Applications/ti/xdctools_3_32_00_06_core/xs" --xdcpath="/Applications/ti/tirtos_tivac_2_16_00_08/packages;/Applications/ti/tirtos_tivac_2_16_00_08/products/tidrivers_tivac_2_16_00_08/packages;/Applications/ti/tirtos_tivac_2_16_00_08/products/bios_6_45_01_29/packages;/Applications/ti/tirtos_tivac_2_16_00_08/products/ndk_2_25_00_09/packages;/Applications/ti/tirtos_tivac_2_16_00_08/products/uia_2_00_05_50/packages;/Applications/ti/tirtos_tivac_2_16_00_08/products/ns_1_11_00_10/packages;/Applications/ti/ccsv7/ccs_base;" xdc.tools.configuro -o configPkg -t ti.targets.arm.elf.M4F -p ti.platforms.tiva:TM4C1294NCPDT -r release -c "/Applications/ti/ccsv7/tools/compiler/ti-cgt-arm_16.9.3.LTS" --compileOptions "-mv7M4 --code_state=16 --float_support=FPv4SPD16 -me --include_path=\"/Users/dannylangevin/Desktop/School/Senior/Digital Design Lab/Team1/project\" --include_path=\"/Users/dannylangevin/Desktop/School/Senior/Digital Design Lab/Team1/project\" --include_path=\"/Applications/ti/tirtos_tivac_2_16_00_08/products/TivaWare_C_Series-2.1.1.71b\" --include_path=\"/Applications/ti/tirtos_tivac_2_16_00_08/products/bios_6_45_01_29/packages/ti/sysbios/posix\" --include_path=\"/Applications/ti/ccsv7/tools/compiler/ti-cgt-arm_16.9.3.LTS/include\" --define=ccs=\"ccs\" --define=PART_TM4C1294NCPDT --define=ccs --define=TIVAWARE -g --gcc --diag_warning=225 --diag_warning=255 --diag_wrap=off --display_error_number --gen_func_subsections=on --abi=eabi  " "../empty.cfg"
making package.mak (because of package.bld) ...
generating interfaces for package configPkg (because package/package.xdc.inc is older than package.xdc) ...
configuring empty.xem4f from package/cfg/empty_pem4f.cfg ...
generating custom ti.sysbios library makefile ... 
Starting build of library sources ...
Build of libraries failed.
subdir_rules.mk:24: recipe for target 'build-309025937-inproc' failed
gmake: /Users/dannylangevin/Desktop/School/Senior/Digital: No such file or directory
gmake: *** No rule to make target `/Users/dannylangevin/Desktop/School/Senior/Digital'.  Stop.
error: xdc.cfg.SourceDir: "/Applications/ti/xdctools_3_32_00_06_core/packages/xdc/cfg/SourceDir.xs", line 209: xdc.cfg.SourceDir : Build of generated source libraries failed: exit status = 2:

js: "/Applications/ti/xdctools_3_32_00_06_core/packages/xdc/cfg/Main.xs", line 160: Error: Configuration failed!
gmake: *** [package/cfg/empty_pem4f.xdl] Error 1
gmake: *** Deleting file `package/cfg/empty_pem4f.xdl'
gmake: *** [package/cfg/empty_pem4f.xdl] Deleting file `package/cfg/empty_pem4f.h'
gmake: *** [package/cfg/empty_pem4f.xdl] Deleting file `package/cfg/empty_pem4f.c'
js: "/Applications/ti/xdctools_3_32_00_06_core/packages/xdc/tools/Cmdr.xs", line 51: Error: xdc.tools.configuro: configuration failed due to earlier errors (status = 2); 'linker.cmd' deleted.
gmake[1]: *** [build-309025937-inproc] Error 1
gmake: *** No rule to make target 'build-309025937', needed by 'configPkg/compiler.opt'.
gmake: *** No rule to make target 'build-309025937', needed by 'configPkg/compiler.opt'.
gmake[1]: Leaving directory '/Users/dannylangevin/Desktop/School/Senior/Digital Design Lab/Team1/project/Debug'
gmake: Target 'all' not remade because of errors.

**** Build Finished ****

**** Build of configuration Debug for project uart ****

/Applications/ti/ccsv7/utils/bin/gmake -k -j 3 all -O 
gmake[1]: Entering directory '/Users/dannylangevin/Desktop/School/Senior/Digital Design Lab/Team1/uart/Debug'
Building file: ../empty.cfg
Invoking: XDCtools
"/Applications/ti/xdctools_3_50_02_20_core/xs" --xdcpath="/Applications/ti/tirtos_tivac_2_16_00_08/packages;/Applications/ti/tirtos_tivac_2_16_00_08/products/tidrivers_tivac_2_16_00_08/packages;/Applications/ti/tirtos_tivac_2_16_00_08/products/bios_6_45_01_29/packages;/Applications/ti/tirtos_tivac_2_16_00_08/products/ndk_2_25_00_09/packages;/Applications/ti/tirtos_tivac_2_16_00_08/products/uia_2_00_05_50/packages;/Applications/ti/tirtos_tivac_2_16_00_08/products/ns_1_11_00_10/packages;/Applications/ti/ccsv7/ccs_base;" xdc.tools.configuro -o configPkg -t ti.targets.arm.elf.M4F -p ti.platforms.tiva:TM4C1294NCPDT -r release -c "/Applications/ti/ccsv7/tools/compiler/ti-cgt-arm_16.9.3.LTS" --compileOptions "-mv7M4 --code_state=16 --float_support=FPv4SPD16 -me --include_path=\"/Users/dannylangevin/Desktop/School/Senior/Digital Design Lab/Team1/uart\" --include_path=\"/Users/dannylangevin/Desktop/School/Senior/Digital Design Lab/Team1/uart\" --include_path=\"/Applications/ti/tirtos_tivac_2_16_00_08/products/TivaWare_C_Series-2.1.1.71b\" --include_path=\"/Applications/ti/tirtos_tivac_2_16_00_08/products/bios_6_45_01_29/packages/ti/sysbios/posix\" --include_path=\"/Applications/ti/ccsv7/tools/compiler/ti-cgt-arm_16.9.3.LTS/include\" --define=ccs=\"ccs\" --define=PART_TM4C1294NCPDT --define=ccs --define=TIVAWARE -g --gcc --diag_warning=225 --diag_warning=255 --diag_wrap=off --display_error_number --gen_func_subsections=on --abi=eabi  " "../empty.cfg"
configuring empty.xem4f from package/cfg/empty_pem4f.cfg ...
subdir_rules.mk:24: recipe for target 'build-858152737-inproc' failed
error: xdc.cfg.Program: "/Applications/ti/xdctools_3_50_02_20_core/packages/xdc/cfg/Program.xs", line 71: xdc.cfg.Program : The package 'ti.sysbios.knl' is not compatible with XDCtools used in this build. Please either use XDCtools compatible with that package, or update the product containing that package, or rebuild the package with XDCtools 3.50 or later.
js: "/Applications/ti/xdctools_3_50_02_20_core/packages/xdc/cfg/Main.xs", line 160: Error: Configuration failed!
gmake: *** [package/cfg/empty_pem4f.xdl] Error 1
js: "/Applications/ti/xdctools_3_50_02_20_core/packages/xdc/tools/Cmdr.xs", line 52: Error: xdc.tools.configuro: configuration failed due to earlier errors (status = 2); 'linker.cmd' deleted.
gmake[1]: *** [build-858152737-inproc] Error 1
gmake: *** [build-858152737] Error 2
gmake[1]: Leaving directory '/Users/dannylangevin/Desktop/School/Senior/Digital Design Lab/Team1/uart/Debug'
subdir_rules.mk:21: recipe for target 'build-858152737' failed
gmake: Target 'all' not remade because of errors.

**** Build Finished ****

**** Build of configuration Debug for project Lab1 ****

/Applications/ti/ccsv7/utils/bin/gmake -k -j 3 all -O 
gmake[1]: 'Lab1.out' is up to date.

**** Build Finished ****

**** Build of configuration Debug for project Lab1 ****

/Applications/ti/ccsv7/utils/bin/gmake -k -j 3 all -O 
gmake[1]: 'Lab1.out' is up to date.

**** Build Finished ****

**** Build of configuration Debug for project Lab_4 ****

/Applications/ti/ccsv7/utils/bin/gmake -k -j 3 all -O 
gmake[1]: Entering directory '/Users/dannylangevin/Desktop/School/Senior/Digital Design Lab/Team1/Lab_4/Debug'
Building file: ../empty.cfg
Invoking: XDCtools
"/Applications/ti/xdctools_3_32_00_06_core/xs" --xdcpath="/Applications/ti/tirtos_tivac_2_16_00_08/packages;/Applications/ti/tirtos_tivac_2_16_00_08/products/tidrivers_tivac_2_16_00_08/packages;/Applications/ti/tirtos_tivac_2_16_00_08/products/bios_6_45_01_29/packages;/Applications/ti/tirtos_tivac_2_16_00_08/products/ndk_2_25_00_09/packages;/Applications/ti/tirtos_tivac_2_16_00_08/products/uia_2_00_05_50/packages;/Applications/ti/tirtos_tivac_2_16_00_08/products/ns_1_11_00_10/packages;/Applications/ti/ccsv7/ccs_base;" xdc.tools.configuro -o configPkg -t ti.targets.arm.elf.M4F -p ti.platforms.tiva:TM4C1294NCPDT -r release -c "/Applications/ti/ccsv7/tools/compiler/ti-cgt-arm_16.9.3.LTS" --compileOptions "-mv7M4 --code_state=16 --float_support=FPv4SPD16 -me --include_path=\"/Users/dannylangevin/Desktop/School/Senior/Digital Design Lab/Team1/Lab_4\" --include_path=\"/Users/dannylangevin/Desktop/School/Senior/Digital Design Lab/Team1/Lab_4\" --include_path=\"/Applications/ti/tirtos_tivac_2_16_00_08/products/TivaWare_C_Series-2.1.1.71b\" --include_path=\"/Applications/ti/tirtos_tivac_2_16_00_08/products/bios_6_45_01_29/packages/ti/sysbios/posix\" --include_path=\"/Applications/ti/ccsv7/tools/compiler/ti-cgt-arm_16.9.3.LTS/include\" --define=ccs=\"ccs\" --define=PART_TM4C1294NCPDT --define=ccs --define=TIVAWARE -g --gcc --diag_warning=225 --diag_warning=255 --diag_wrap=off --display_error_number --gen_func_subsections=on --abi=eabi  " "../empty.cfg"
making package.mak (because of package.bld) ...
generating interfaces for package configPkg (because package/package.xdc.inc is older than package.xdc) ...
configuring empty.xem4f from package/cfg/empty_pem4f.cfg ...
generating custom ti.sysbios library makefile ... 
Starting build of library sources ...
Build of libraries failed.

**** Build of configuration Debug for project Lab_4 ****

/Applications/ti/ccsv7/utils/bin/gmake -k -j 3 all -O 
making ../src/sysbios/sysbios.aem4f ...
Building file: ../empty.c
Invoking: ARM Compiler
"/Applications/ti/ccsv7/tools/compiler/ti-cgt-arm_16.9.3.LTS/bin/armcl" -mv7M4 --code_state=16 --float_support=FPv4SPD16 -me --include_path="/Users/dannylangevin/Desktop/School/Senior/Digital Design Lab/Team1/Lab_4" --include_path="/Users/dannylangevin/Desktop/School/Senior/Digital Design Lab/Team1/Lab_4" --include_path="/Applications/ti/tirtos_tivac_2_16_00_08/products/TivaWare_C_Series-2.1.1.71b" --include_path="/Applications/ti/tirtos_tivac_2_16_00_08/products/bios_6_45_01_29/packages/ti/sysbios/posix" --include_path="/Applications/ti/ccsv7/tools/compiler/ti-cgt-arm_16.9.3.LTS/include" --define=ccs="ccs" --define=PART_TM4C1294NCPDT --define=ccs --define=TIVAWARE -g --gcc --diag_warning=225 --diag_warning=255 --diag_wrap=off --display_error_number --gen_func_subsections=on --abi=eabi --preproc_with_compile --preproc_dependency="empty.d" --cmd_file="configPkg/compiler.opt" "../empty.c"
Finished building: ../empty.c
 
gmake[1]: Entering directory '/Users/dannylangevin/Desktop/School/Senior/Digital Design Lab/Team1/Lab_4/src/sysbios'
asmem4f /Applications/ti/tirtos_tivac_2_16_00_08/products/bios_6_45_01_29/packages/ti/sysbios/family/arm/m3/Hwi_asm.sv7M ...
gmake[1]: Leaving directory '/Users/dannylangevin/Desktop/School/Senior/Digital Design Lab/Team1/Lab_4/src/sysbios'
gmake[1]: Entering directory '/Users/dannylangevin/Desktop/School/Senior/Digital Design Lab/Team1/Lab_4/Debug'
Building file: ../empty.cfg
Invoking: XDCtools
"/Applications/ti/xdctools_3_32_00_06_core/xs" --xdcpath="/Applications/ti/tirtos_tivac_2_16_00_08/packages;/Applications/ti/tirtos_tivac_2_16_00_08/products/tidrivers_tivac_2_16_00_08/packages;/Applications/ti/tirtos_tivac_2_16_00_08/products/bios_6_45_01_29/packages;/Applications/ti/tirtos_tivac_2_16_00_08/products/ndk_2_25_00_09/packages;/Applications/ti/tirtos_tivac_2_16_00_08/products/uia_2_00_05_50/packages;/Applications/ti/tirtos_tivac_2_16_00_08/products/ns_1_11_00_10/packages;/Applications/ti/ccsv7/ccs_base;" xdc.tools.configuro -o configPkg -t ti.targets.arm.elf.M4F -p ti.platforms.tiva:TM4C1294NCPDT -r release -c "/Applications/ti/ccsv7/tools/compiler/ti-cgt-arm_16.9.3.LTS" --compileOptions "-mv7M4 --code_state=16 --float_support=FPv4SPD16 -me --include_path=\"/Users/dannylangevin/Desktop/School/Senior/Digital Design Lab/Team1/Lab_4\" --include_path=\"/Users/dannylangevin/Desktop/School/Senior/Digital Design Lab/Team1/Lab_4\" --include_path=\"/Applications/ti/tirtos_tivac_2_16_00_08/products/TivaWare_C_Series-2.1.1.71b\" --include_path=\"/Applications/ti/tirtos_tivac_2_16_00_08/products/bios_6_45_01_29/packages/ti/sysbios/posix\" --include_path=\"/Applications/ti/ccsv7/tools/compiler/ti-cgt-arm_16.9.3.LTS/include\" --define=ccs=\"ccs\" --define=PART_TM4C1294NCPDT --define=ccs --define=TIVAWARE -g --gcc --diag_warning=225 --diag_warning=255 --diag_wrap=off --display_error_number --gen_func_subsections=on --abi=eabi  " "../empty.cfg"
Building file: ../EK_TM4C1294XL.c
Invoking: ARM Compiler
"/Applications/ti/ccsv7/tools/compiler/ti-cgt-arm_16.9.3.LTS/bin/armcl" -mv7M4 --code_state=16 --float_support=FPv4SPD16 -me --include_path="/Users/dannylangevin/Desktop/School/Senior/Digital Design Lab/Team1/Lab_4" --include_path="/Users/dannylangevin/Desktop/School/Senior/Digital Design Lab/Team1/Lab_4" --include_path="/Applications/ti/tirtos_tivac_2_16_00_08/products/TivaWare_C_Series-2.1.1.71b" --include_path="/Applications/ti/tirtos_tivac_2_16_00_08/products/bios_6_45_01_29/packages/ti/sysbios/posix" --include_path="/Applications/ti/ccsv7/tools/compiler/ti-cgt-arm_16.9.3.LTS/include" --define=ccs="ccs" --define=PART_TM4C1294NCPDT --define=ccs --define=TIVAWARE -g --gcc --diag_warning=225 --diag_warning=255 --diag_wrap=off --display_error_number --gen_func_subsections=on --abi=eabi --preproc_with_compile --preproc_dependency="EK_TM4C1294XL.d" --cmd_file="configPkg/compiler.opt" "../EK_TM4C1294XL.c"
Finished building: ../EK_TM4C1294XL.c
 
gmake[1]: Entering directory '/Users/dannylangevin/Desktop/School/Senior/Digital Design Lab/Team1/Lab_4/src/sysbios'
asmem4f /Applications/ti/tirtos_tivac_2_16_00_08/products/bios_6_45_01_29/packages/ti/sysbios/family/arm/m3/Hwi_asm_switch.sv7M ...
gmake[1]: Leaving directory '/Users/dannylangevin/Desktop/School/Senior/Digital Design Lab/Team1/Lab_4/src/sysbios'
gmake[1]: Entering directory '/Users/dannylangevin/Desktop/School/Senior/Digital Design Lab/Team1/Lab_4/src/sysbios'
asmem4f /Applications/ti/tirtos_tivac_2_16_00_08/products/bios_6_45_01_29/packages/ti/sysbios/family/arm/m3/IntrinsicsSupport_asm.sv7M ...
gmake[1]: Leaving directory '/Users/dannylangevin/Desktop/School/Senior/Digital Design Lab/Team1/Lab_4/src/sysbios'
gmake[1]: Entering directory '/Users/dannylangevin/Desktop/School/Senior/Digital Design Lab/Team1/Lab_4/src/sysbios'
asmem4f /Applications/ti/tirtos_tivac_2_16_00_08/products/bios_6_45_01_29/packages/ti/sysbios/family/arm/m3/TaskSupport_asm.sv7M ...
gmake[1]: Leaving directory '/Users/dannylangevin/Desktop/School/Senior/Digital Design Lab/Team1/Lab_4/src/sysbios'
configuring empty.xem4f from package/cfg/empty_pem4f.cfg ...
generating custom ti.sysbios library makefile ... 
Starting build of library sources ...
Build of libraries failed.
subdir_rules.mk:24: recipe for target 'build-893006495-inproc' failed
gmake: /Users/dannylangevin/Desktop/School/Senior/Digital: No such file or directory
gmake: *** No rule to make target `/Users/dannylangevin/Desktop/School/Senior/Digital'.  Stop.
error: xdc.cfg.SourceDir: "/Applications/ti/xdctools_3_32_00_06_core/packages/xdc/cfg/SourceDir.xs", line 209: xdc.cfg.SourceDir : Build of generated source libraries failed: exit status = 2:

js: "/Applications/ti/xdctools_3_32_00_06_core/packages/xdc/cfg/Main.xs", line 160: Error: Configuration failed!
gmake: *** [package/cfg/empty_pem4f.xdl] Error 1
gmake: *** Deleting file `package/cfg/empty_pem4f.xdl'
gmake: *** [package/cfg/empty_pem4f.xdl] Deleting file `package/cfg/empty_pem4f.h'
gmake: *** [package/cfg/empty_pem4f.xdl] Deleting file `package/cfg/empty_pem4f.c'
js: "/Applications/ti/xdctools_3_32_00_06_core/packages/xdc/tools/Cmdr.xs", line 51: Error: xdc.tools.configuro: configuration failed due to earlier errors (status = 2); 'linker.cmd' deleted.
gmake[1]: *** [build-893006495-inproc] Error 1
gmake: *** [build-893006495] Error 2
gmake[1]: Leaving directory '/Users/dannylangevin/Desktop/School/Senior/Digital Design Lab/Team1/Lab_4/Debug'
subdir_rules.mk:21: recipe for target 'build-893006495' failed
gmake[1]: Entering directory '/Users/dannylangevin/Desktop/School/Senior/Digital Design Lab/Team1/Lab_4/src/sysbios'
clem4f /Applications/ti/tirtos_tivac_2_16_00_08/products/bios_6_45_01_29/packages/ti/sysbios/BIOS.c ...
gmake[1]: Leaving directory '/Users/dannylangevin/Desktop/School/Senior/Digital Design Lab/Team1/Lab_4/src/sysbios'
gmake[1]: Entering directory '/Users/dannylangevin/Desktop/School/Senior/Digital Design Lab/Team1/Lab_4/src/sysbios'
arem4f BIOS.obj m3_Hwi_asm.obj m3_Hwi_asm_switch.obj m3_IntrinsicsSupport_asm.obj m3_TaskSupport_asm.obj ...
gmake[1]: Leaving directory '/Users/dannylangevin/Desktop/School/Senior/Digital Design Lab/Team1/Lab_4/src/sysbios'
gmake: Target 'all' not remade because of errors.

**** Build Finished ****
