
**** Build of configuration Debug for project project ****

/Applications/ti/ccsv7/utils/bin/gmake -k -j 3 all -O 
gmake[1]: Entering directory '/Users/dannylangevin/Desktop/School/Senior/Digital Design Lab/Team1/project/Debug'
Building file: ../empty.cfg
Invoking: XDCtools
"/Applications/ti/xdctools_3_32_00_06_core/xs" --xdcpath="/Applications/ti/tirtos_tivac_2_16_00_08/packages;/Applications/ti/tirtos_tivac_2_16_00_08/products/tidrivers_tivac_2_16_00_08/packages;/Applications/ti/tirtos_tivac_2_16_00_08/products/bios_6_45_01_29/packages;/Applications/ti/tirtos_tivac_2_16_00_08/products/ndk_2_25_00_09/packages;/Applications/ti/tirtos_tivac_2_16_00_08/products/uia_2_00_05_50/packages;/Applications/ti/tirtos_tivac_2_16_00_08/products/ns_1_11_00_10/packages;/Applications/ti/ccsv7/ccs_base;" xdc.tools.configuro -o configPkg -t ti.targets.arm.elf.M4F -p ti.platforms.tiva:TM4C1294NCPDT -r release -c "/Applications/ti/ccsv7/tools/compiler/ti-cgt-arm_16.9.3.LTS" --compileOptions "-mv7M4 --code_state=16 --float_support=FPv4SPD16 -me --include_path=\"/Users/dannylangevin/Desktop/School/Senior/Digital Design Lab/Team1/project\" --include_path=\"/Users/dannylangevin/Desktop/School/Senior/Digital Design Lab/Team1/project\" --include_path=\"/Applications/ti/tirtos_tivac_2_16_00_08/products/TivaWare_C_Series-2.1.1.71b\" --include_path=\"/Applications/ti/tirtos_tivac_2_16_00_08/products/bios_6_45_01_29/packages/ti/sysbios/posix\" --include_path=\"/Applications/ti/ccsv7/tools/compiler/ti-cgt-arm_16.9.3.LTS/include\" --define=ccs=\"ccs\" --define=PART_TM4C1294NCPDT --define=ccs --define=TIVAWARE -g --gcc --diag_warning=225 --diag_warning=255 --diag_wrap=off --display_error_number --gen_func_subsections=on --abi=eabi  " "../empty.cfg"
making package.mak (because of package.bld) ...
generating interfaces for package configPkg (because package/package.xdc.inc is older than package.xdc) ...
configuring empty.xem4f from package/cfg/empty_pem4f.cfg ...
generating custom ti.sysbios library makefile ... 
Starting build of library sources ...
Build of libraries failed.
subdir_rules.mk:24: recipe for target 'build-309025937-inproc' failed
gmake: /Users/dannylangevin/Desktop/School/Senior/Digital: No such file or directory
gmake: *** No rule to make target `/Users/dannylangevin/Desktop/School/Senior/Digital'.  Stop.
error: xdc.cfg.SourceDir: "/Applications/ti/xdctools_3_32_00_06_core/packages/xdc/cfg/SourceDir.xs", line 209: xdc.cfg.SourceDir : Build of generated source libraries failed: exit status = 2:

js: "/Applications/ti/xdctools_3_32_00_06_core/packages/xdc/cfg/Main.xs", line 160: Error: Configuration failed!
gmake: *** [package/cfg/empty_pem4f.xdl] Error 1
gmake: *** Deleting file `package/cfg/empty_pem4f.xdl'
gmake: *** [package/cfg/empty_pem4f.xdl] Deleting file `package/cfg/empty_pem4f.h'
gmake: *** [package/cfg/empty_pem4f.xdl] Deleting file `package/cfg/empty_pem4f.c'
js: "/Applications/ti/xdctools_3_32_00_06_core/packages/xdc/tools/Cmdr.xs", line 51: Error: xdc.tools.configuro: configuration failed due to earlier errors (status = 2); 'linker.cmd' deleted.
gmake[1]: *** [build-309025937-inproc] Error 1
gmake: *** No rule to make target 'build-309025937', needed by 'configPkg/compiler.opt'.
gmake: *** No rule to make target 'build-309025937', needed by 'configPkg/compiler.opt'.
gmake[1]: Leaving directory '/Users/dannylangevin/Desktop/School/Senior/Digital Design Lab/Team1/project/Debug'
gmake: Target 'all' not remade because of errors.

**** Build Finished ****
